<?xml version="1.0" encoding="UTF-8"?>
<!-- Generated by org.testng.reporters.JUnitReportReporter -->
<testsuite hostname="DESKTOP-IU4O7BV" failures="0" tests="1" name="testCases.TC_004_SearchProductTest" time="1.053" errors="0" timestamp="2025-01-30T12:15:53 IST" skipped="0">
  <testcase classname="testCases.TC_004_SearchProductTest" name="verify_pruductSearch" time="1.053"/>
</testsuite> <!-- testCases.TC_004_SearchProductTest -->
