<?xml version="1.0" encoding="UTF-8"?>
<!-- Generated by org.testng.reporters.JUnitReportReporter -->
<testsuite hostname="DESKTOP-IU4O7BV" failures="0" tests="1" name="bastTest01.TC_001_AccountRegistration" time="2.764" errors="0" timestamp="2025-01-08T19:33:32 IST" skipped="0">
  <testcase classname="bastTest01.TC_001_AccountRegistration" name="account_Registration" time="2.764"/>
</testsuite> <!-- bastTest01.TC_001_AccountRegistration -->
