<?xml version="1.0" encoding="UTF-8"?>
<!-- Generated by org.testng.reporters.JUnitReportReporter -->
<testsuite hostname="DESKTOP-IU4O7BV" failures="0" tests="8" name="testCases.TC_003_LoginDDT" time="54.354" errors="0" timestamp="2025-01-20T19:44:23 IST" skipped="0">
  <testcase classname="testCases.TC_003_LoginDDT" name="verifyLoginDDT" time="11.779"/>
  <testcase classname="testCases.TC_003_LoginDDT" name="verifyLoginDDT" time="11.346"/>
  <testcase classname="testCases.TC_003_LoginDDT" name="verifyLoginDDT" time="11.069"/>
  <testcase classname="testCases.TC_003_LoginDDT" name="verifyLoginDDT" time="1.846"/>
  <testcase classname="testCases.TC_003_LoginDDT" name="verifyLoginDDT" time="11.298"/>
  <testcase classname="testCases.TC_003_LoginDDT" name="verifyLoginDDT" time="1.851"/>
  <testcase classname="testCases.TC_003_LoginDDT" name="verifyLoginDDT" time="2.891"/>
  <testcase classname="testCases.TC_003_LoginDDT" name="verifyLoginDDT" time="2.274"/>
</testsuite> <!-- testCases.TC_003_LoginDDT -->
