<?xml version="1.0" encoding="UTF-8"?>
<!-- Generated by org.testng.reporters.JUnitReportReporter -->
<testsuite hostname="DESKTOP-IU4O7BV" failures="0" tests="1" name="testCases.TC_002_LoginTest" time="1.634" errors="0" timestamp="2025-01-22T17:29:15 IST" skipped="0">
  <testcase classname="testCases.TC_002_LoginTest" name="verfyLogin" time="1.634"/>
</testsuite> <!-- testCases.TC_002_LoginTest -->
