<?xml version="1.0" encoding="UTF-8"?>
<!-- Generated by org.testng.reporters.JUnitReportReporter -->
<testsuite hostname="DESKTOP-IU4O7BV" failures="0" tests="1" name="testCases.TC002_LoginTest" time="2.030" errors="0" timestamp="2025-01-30T12:15:53 IST" skipped="0">
  <testcase classname="testCases.TC002_LoginTest" name="verfyLogin" time="2.030"/>
</testsuite> <!-- testCases.TC002_LoginTest -->
