<?xml version="1.0" encoding="UTF-8"?>
<!-- Generated by org.testng.reporters.JUnitReportReporter -->
<testsuite hostname="DESKTOP-IU4O7BV" failures="0" tests="1" name="testCases.TC_001_AccountRagistrationPage" time="5.572" errors="0" timestamp="2024-10-13T11:22:11 IST" skipped="0">
  <testcase classname="testCases.TC_001_AccountRagistrationPage" name="verify_Account_RegPage" time="5.572"/>
</testsuite> <!-- testCases.TC_001_AccountRagistrationPage -->
