<?xml version="1.0" encoding="UTF-8"?>
<!-- Generated by org.testng.reporters.JUnitReportReporter -->
<testsuite hostname="DESKTOP-IU4O7BV" failures="0" tests="1" name="testCases.TC002_LoginTest" time="2.137" errors="0" timestamp="2025-01-27T20:07:57 IST" skipped="0">
  <testcase classname="testCases.TC002_LoginTest" name="verfyLogin" time="2.137"/>
</testsuite> <!-- testCases.TC002_LoginTest -->
