<?xml version="1.0" encoding="UTF-8"?>
<!-- Generated by org.testng.reporters.JUnitReportReporter -->
<testsuite hostname="DESKTOP-IU4O7BV" failures="0" tests="1" name="testCases.TC001_AccountRegistrationTest" time="4.186" errors="0" timestamp="2025-01-27T20:07:57 IST" skipped="0">
  <testcase classname="testCases.TC001_AccountRegistrationTest" name="verify_Account_RegPage" time="4.186"/>
</testsuite> <!-- testCases.TC001_AccountRegistrationTest -->
